<?xml version="1.0" encoding="UTF-8"?>
<!-- Generated by org.testng.reporters.JUnitXMLReporter -->
<testsuite hostname="Shashank-PC" ignored="0" name="Default test" tests="4" failures="0" timestamp="02 Oct 2019 15:40:52 GMT" time="0.064" errors="0">
  <testcase name="div" time="0.015" classname="com.qa.tests.DemoTest"/>
  <testcase name="mul" time="0.002" classname="com.qa.tests.DemoTest"/>
  <testcase name="sub" time="0.002" classname="com.qa.tests.DemoTest"/>
  <testcase name="sum" time="0.004" classname="com.qa.tests.DemoTest"/>
</testsuite> <!-- Default test -->
